2025-03-09 16:18:37,456 - INFO - Starting pipeline with topic: climate, search term: climate
2025-03-09 16:18:37,456 - INFO - Checking Python dependencies...
2025-03-09 16:18:37,456 - WARNING - Package kafka-python is not installed
2025-03-09 16:18:37,511 - INFO - Package requests is already installed
2025-03-09 16:18:37,614 - INFO - Package pyspark is already installed
2025-03-09 16:18:38,205 - INFO - Package transformers is already installed
2025-03-09 16:18:38,205 - WARNING - Package cassandra-driver is not installed
2025-03-09 16:18:38,405 - INFO - Package pandas is already installed
2025-03-09 16:18:38,405 - INFO - Installing missing packages: kafka-python, cassandra-driver
2025-03-09 16:18:38,405 - INFO - Installing kafka-python...
2025-03-09 16:18:40,014 - INFO - Successfully installed kafka-python
2025-03-09 16:18:40,015 - INFO - Installing cassandra-driver...
2025-03-09 16:18:41,546 - INFO - Successfully installed cassandra-driver
2025-03-09 16:18:41,547 - INFO - Checking if Docker is running...
2025-03-09 16:18:41,739 - INFO - Docker is running.
2025-03-09 16:18:41,739 - INFO - Checking if required containers are running...
2025-03-09 16:18:41,787 - WARNING - Some containers are not running: ['kafka', 'zookeeper', 'scylla']
2025-03-09 16:18:41,788 - INFO - Some containers are not running. Attempting to start them...
2025-03-09 16:18:41,788 - INFO - Starting containers using docker-compose...
2025-03-09 16:18:41,788 - INFO - Looking for docker-compose.yml file...
2025-03-09 16:18:41,788 - INFO - Cleaning up existing containers and networks...
2025-03-09 16:18:41,975 - INFO - Pulling latest container images...
2025-03-09 16:18:44,781 - INFO - Starting containers...
2025-03-09 16:18:45,908 - INFO - Waiting for containers to be ready...
2025-03-09 16:18:50,552 - INFO - Waiting 10 seconds before next health check...
2025-03-09 16:19:02,440 - INFO - All containers are up and healthy!
2025-03-09 16:19:02,441 - INFO - Creating Kafka topic: climate
2025-03-09 16:19:05,457 - INFO - Successfully created Kafka topic: climate
2025-03-09 16:19:05,458 - INFO - Starting Kafka producer with topic: climate, search term: climate
2025-03-09 16:19:05,462 - INFO - Started Kafka producer (PID: 12563)
2025-03-09 16:19:05,462 - INFO - Starting Spark streaming with topic: climate
2025-03-09 16:19:05,465 - INFO - Started Spark streaming (PID: 12564)
2025-03-09 16:19:05,466 - INFO - All components started successfully
